s--
Vikings
(9-2-0)
30
13 7 7 3 
Lions
(6-5-0)
23
0 10 6 7 
s--
Chargers
(5-6-0)
28
0 3 13 12 
Cowboys
(5-6-0)
6
0 0 0 6 
s--
Giants
(2-9-0)
10
0 3 7 0 
Redskins
(5-6-0)
20
0 3 7 10 
s--
Titans
(7-4-0)
20
6 0 7 7 
Colts
(3-8-0)
16
0 13 3 0 
s--
Bears
(3-8-0)
3
0 0 3 0 
Eagles
(10-1-0)
31
7 17 0 7 
s--
Panthers
(8-3-0)
35
3 9 6 17 
Jets
(4-7-0)
27
3 7 7 10 
s--
Dolphins
(4-7-0)
17
0 10 0 7 
Patriots
(9-2-0)
35
14 7 7 7 
s--
Buccaneers
(4-7-0)
20
3 3 7 7 
Falcons
(7-4-0)
34
3 17 7 7 
s--
Browns
(0-11-0)
16
3 3 3 7 
Bengals
(5-6-0)
30
7 9 7 7 
s--
Bills
(6-5-0)
16
7 6 3 0 
Chiefs
(6-5-0)
10
0 3 7 0 
s--
Seahawks
(7-4-0)
24
0 7 7 10 
49ers
(1-10-0)
13
0 3 3 7 
s--
Saints
(8-3-0)
20
7 3 0 10 
Rams
(8-3-0)
26
10 7 3 6 
s--
Jaguars
(7-4-0)
24
0 3 7 14 
Cardinals
(5-6-0)
27
3 10 3 11 
s--
Broncos
(3-8-0)
14
0 0 0 14 
Raiders
(5-6-0)
21
0 14 7 0 
s--
Packers
(5-6-0)
28
14 0 7 7 
Steelers
(9-2-0)
31
6 8 7 10 
s--
Texans
(4-7-0)
16
7 3 3 3 
Ravens
(6-5-0)
23
0 17 0 6 
