Team Statistics ; 
 ; Redskins ; Opponents ; 
Total First Downs ; 50 ; 31 ; 
1st Downs (Rush-Pass-By Penalty) ; 14 - 29 - 7 ; 12 - 16 - 3 ; 
3rd Down Conversions ; 11/28 ; 10/24 ; 
4th Down Conversions ; 2/3 ; 0/1 ; 
Total Offensive Yds ; 763 ; 494 ; 
Offense (Plays-Avg Yds) ; 146 - 5.2 ; 111 - 4.5 ; 
Total Rushing Yds ; 247 ; 172 ; 
Rushing (Plays-Avg Yards) ; 64 - 3.9 ; 43 - 4.0 ; 
Total Passing Yds ; 516 ; 322 ; 
Passing (Comp-Att-Int-Avg) ; 54 - 76 - 0 - 7.2 ; 41 - 65 - 3 - 5.1 ; 
Sacks ; 3 ; 6 ; 
Field Goals ; 4/5 ; 0/0 ; 
Touchdowns ; 3 ; 4 ; 
(Rush-Pass-Ret-Def) ; 1 - 2 - 0 - 0 ; 2 - 2 - 0 - 0 ; 
Time of Possession ; 35:44 ; 24:16 ; 
Turnover Ratio ; +2 ; 
Passing Statistics ; 
Player ; Att ; Comp ; Yds ; Comp % ; Yds/Att ; TD ; TD % ; INT ; INT % ; Long ; Sck ; Sack/Lost ; Rating ; 
Alex Smith ; 76 ; 54 ; 547 ; 71.1 ; 7.2 ; 2 ; 2.6 ; 0 ; 0.0 ; 52 ; 6 ; 31 ; 100.1 ; 
Rushing Statistics ; 
Player ; Att ; Yds ; Yds/Att ; Long ; TD ; 
Adrian Peterson ; 37 ; 116 ; 3.1 ; 17 ; 1 ; 
Alex Smith ; 12 ; 28 ; 2.3 ; 7 ; 0 ; 
Chris Thompson ; 9 ; 66 ; 7.3 ; 16 ; 0 ; 
Rob Kelley ; 4 ; 8 ; 2.0 ; 6 ; 0 ; 
Jamison Crowder ; 2 ; 29 ; 14.5 ; 25 ; 0 ; 
Receiving Statistics ; 
Player ; Rec ; Yds ; Yds/Rec ; Long ; TD ; 
Chris Thompson ; 19 ; 155 ; 8.2 ; 23 ; 1 ; 
Jordan Reed ; 10 ; 103 ; 10.3 ; 22 ; 1 ; 
Paul Richardson ; 8 ; 85 ; 10.6 ; 34 ; 0 ; 
Adrian Peterson ; 5 ; 100 ; 20.0 ; 52 ; 0 ; 
Josh Doctson ; 5 ; 48 ; 9.6 ; 14 ; 0 ; 
Jamison Crowder ; 5 ; 40 ; 8.0 ; 17 ; 0 ; 
Vernon Davis ; 2 ; 16 ; 8.0 ; 9 ; 0 ; 
Field Goal Statistics ; 
Player ; 1-19 A ; 1-19 M ; 20-29 A ; 20-29 M ; 30-39 A ; 30-39 M ; 40-49 A ; 40-49 M ; 50+ A ; 50+ M ; 
Dustin Hopkins ; 0 ; 0 ; 1 ; 1 ; 1 ; 1 ; 3 ; 2 ; 0 ; 0 ; 
TOTAL ; 0 ; 0 ; 1 ; 1 ; 1 ; 1 ; 3 ; 2 ; 0 ; 0 ; 
OPPONENTS TOTAL ; 0 ; 0 ; 0 ; 0 ; 0 ; 0 ; 0 ; 0 ; 0 ; 0 ; 
Punting Statistics ; 
Player ; Punts ; Avg ; Touchbacks/g ; IN 20 ; Long ; Blck ; 
Tress Way ; 9 ; 40.9 ; 0 ; 5 ; 59 ; 0 ; 
TOTAL ; 9 ; 40.9 ; 0 ; 5 ; 59 ; 0 ; 
OPPONENTS TOTAL ; 10 ; 49.8 ; 2 ; 4 ; 60 ; 0 ; 
Punt Return Statistics ; 
Player ; Returns ; FC ; Yds/Ret ; Long ; TD ; 
Trey Quinn ; 2 ; 2 ; 6.0 ; 12 ; 0 ; 
Greg Stroman ; 1 ; 3 ; 6.0 ; 6 ; 0 ; 
TOTAL ; 3 ; 5 ; 6.0 ; 12 ; 0 ; 
OPPONENTS TOTAL ; 2 ; 4 ; 22.0 ; 44 ; 0 ; 
Kick Return Statistics ; 
Player ; Returns ; Yds ; Yds/Ret ; Long ; TD ; 
Danny Johnson ; 1 ; 24 ; 24.0 ; 24 ; 0 ; 
Greg Stroman ; 1 ; 16 ; 16.0 ; 16 ; 0 ; 
Chris Thompson ; 1 ; 0 ; 0.0 ; 0 ; 0 ; 
TOTAL ; 3 ; 40 ; 13.3 ; 24 ; 0 ; 
OPPONENTS TOTAL ; 1 ; 19 ; 19.0 ; 19 ; 0 ; 
Defense Statistics ; 
Player ; Comb ; Total ; Assist ; Sck ; Fumb ; 
Mason Foster ; 16 ; 11 ; 5 ; 0.0 ; 0 ; 
Zach Brown ; 15 ; 9 ; 6 ; 0.0 ; 0 ; 
Montae Nicholson ; 11 ; 9 ; 2 ; 0.0 ; 0 ; 
Quinton Dunbar ; 10 ; 9 ; 1 ; 0.0 ; 0 ; 
D.J. Swearinger ; 8 ; 8 ; 0 ; 0.0 ; 0 ; 
Josh Norman ; 8 ; 5 ; 3 ; 0.0 ; 0 ; 
Da'Ron Payne ; 5 ; 3 ; 2 ; 0.0 ; 0 ; 
Jonathan Allen ; 5 ; 3 ; 2 ; 0.0 ; 0 ; 
Zach Vigil ; 3 ; 3 ; 0 ; 0.0 ; 0 ; 
Matthew Ioannidis ; 3 ; 3 ; 0 ; 2.0 ; 1 ; 
Preston Smith ; 4 ; 2 ; 2 ; 0.0 ; 0 ; 
Fabian Moreau ; 4 ; 2 ; 2 ; 0.0 ; 0 ; 
Ziggy Hood ; 3 ; 2 ; 1 ; 0.0 ; 0 ; 
Josh Harvey-Clemons ; 2 ; 2 ; 0 ; 0.0 ; 0 ; 
Troy Apke ; 1 ; 1 ; 0 ; 0.0 ; 0 ; 
Ryan Anderson ; 1 ; 1 ; 0 ; 1.0 ; 0 ; 
Chris Thompson ; 1 ; 1 ; 0 ; 0.0 ; 0 ; 
Adrian Peterson ; 1 ; 1 ; 0 ; 0.0 ; 0 ; 
Ryan Kerrigan ; 1 ; 0 ; 1 ; 0.0 ; 0 ; 
Pernell McPhee ; 1 ; 0 ; 1 ; 0.0 ; 0 ; 
TEAM TOTAL ; 106 ; 78 ; 28 ; 3 ; 1 ; 
OPPONENTS TOTAL ; 161 ; 117 ; 44 ; 6 ; 3 ; 
Interception Statistics ; 
Player ; Int ; Yds ; Yds/Int ; Long ; TD ; 
D.J. Swearinger ; 2 ; 11 ; 5.5 ; 7 ; 0 ; 
Quinton Dunbar ; 1 ; -3 ; -3.0 ; -3 ; 0 ; 
TOTAL ; 3 ; 8 ; 2.7 ; 7 ; 0 ; 
OPPONENTS TOTAL ; 0 ; 0 ; 0.0 ; -- ; 0 ; 
ps-
