s--
Panthers
(0-1-0)
20
7 10 0 3 
Broncos
(1-0-0)
21
0 7 0 14 
s--
Packers
(1-0-0)
27
7 14 3 3 
Jaguars
(0-1-0)
23
7 10 3 3 
s--
Chargers
(0-1-0)
27
7 14 3 3 0
Chiefs
(1-0-0)
33
3 0 7 17 6
s--
Raiders
(1-0-0)
35
10 0 3 22 
Saints
(0-1-0)
34
3 14 7 10 
s--
Bengals
(1-0-0)
23
3 10 7 3 
Jets
(0-1-0)
22
7 9 0 6 
s--
Browns
(0-1-0)
10
0 7 3 0 
Eagles
(1-0-0)
29
7 6 9 7 
s--
Vikings
(1-0-0)
25
0 0 12 13 
Titans
(0-1-0)
16
3 7 0 6 
s--
Bears
(0-1-0)
14
7 7 0 0 
Texans
(1-0-0)
23
0 10 3 10 
s--
Bills
(0-1-0)
7
0 7 0 0 
Ravens
(1-0-0)
13
3 7 0 3 
s--
Buccaneers
(1-0-0)
31
3 14 14 0 
Falcons
(0-1-0)
24
10 3 8 3 
s--
Dolphins
(0-1-0)
10
0 3 0 7 
Seahawks
(1-0-0)
12
3 3 0 6 
s--
Giants
(1-0-0)
20
0 13 0 7 
Cowboys
(0-1-0)
19
3 6 7 3 
s--
Lions
(1-0-0)
39
7 14 7 11 
Colts
(0-1-0)
35
0 10 8 17 
s--
Patriots
(1-0-0)
23
10 0 7 6 
Cardinals
(0-1-0)
21
0 7 7 7 
s--
Steelers
(1-0-0)
38
0 14 10 14 
Redskins
(0-1-0)
16
6 0 3 7 
s--
Rams
(0-1-0)
0
0 0 0 0 
49ers
(1-0-0)
28
7 7 0 14 
