92 ;  Armstrong, Dorance ; DE ; ACT ;  6'4" ; 255 ; 6/10/1997 ; 0 ; Kansas ; 
10 ;  Austin, Tavon ; WR ; ACT ;  5'8" ; 180 ; 3/15/1990 ; 6 ; West Virginia ; 
24 ;  Awuzie, Chidobe ; CB ; ACT ;  6'0" ; 202 ; 5/24/1995 ; 2 ; Colorado ; 
11 ;  Beasley, Cole ; WR ; ACT ;  5'8" ; 180 ; 4/26/1989 ; 7 ; Southern Methodist ; 
85 ;  Brown, Noah ; WR ; RES ;  6'2" ; 225 ; 1/6/1996 ; 2 ; Ohio State ; 
30 ;  Brown, Anthony ; CB ; ACT ;  5'11" ; 196 ; 12/15/1993 ; 3 ; Purdue ; 
20 ;  Campbell, Ibraheim ; DB ; ACT ;  5'11" ; 208 ; 5/13/1992 ; 4 ; Northwestern ; 
97 ;  Charlton, Taco ; DE ; ACT ;  6'6" ; 275 ; 11/7/1994 ; 2 ; Michigan ; 
71 ;  Collins, La'el ; OT ; ACT ;  6'4" ; 323 ; 7/26/1993 ; 4 ; Louisiana State University - Shreveport ; 
96 ;  Collins, Maliek ; DT ; ACT ;  6'2" ; 308 ; 4/8/1995 ; 3 ; Nebraska ; 
59 ;  Covington, Chris ; LB ; ACT ;  6'2" ; 245 ; 1/3/1996 ; 0 ; Indiana ; 
98 ;  Crawford, Tyrone ; DE ; ACT ;  6'4" ; 285 ; 11/22/1989 ; 7 ; Boise State ; 
79 ;  Ehinger, Parker ; OG ; RES ;  6'6" ; 310 ; 12/30/1992 ; 3 ; Cincinnati ; 
21 ;  Elliott, Ezekiel ; RB ; ACT ;  6'0" ; 228 ; 7/22/1995 ; 3 ; Ohio State ; 
75 ;  Fleming, Cameron ; OT ; ACT ;  6'5" ; 320 ; 9/3/1992 ; 5 ; Stanford ; 
35 ;  Frazier, Kavon ; DB ; ACT ;  6'0" ; 223 ; 8/11/1994 ; 3 ; Central Michigan ; 
72 ;  Frederick, Travis ; C ; ACT ;  6'4" ; 320 ; 3/18/1991 ; 6 ; Wisconsin ; 
13 ;  Gallup, Michael ; WR ; ACT ;  6'1" ; 205 ; 3/4/1996 ; 0 ; Colorado State ; 
80 ;  Gathers, Rico ; TE ; ACT ;  6'6" ; 282 ; 1/7/1994 ; 2 ; Baylor ; 
94 ;  Gregory, Randy ; DE ; ACT ;  6'5" ; 242 ; 11/23/1992 ; 2 ; Nebraska ; 
38 ;  Heath, Jeff ; DB ; ACT ;  6'1" ; 212 ; 5/14/1991 ; 6 ; Saginaw Valley State ; 
20 ;  Huff, Marqueston ; DB ; RES ;  5'11" ; 205 ; 4/6/1992 ; 4 ; Wyoming ; 
17 ;  Hurns, Allen ; WR ; ACT ;  6'1" ; 208 ; 11/12/1991 ; 5 ; Miami (Fla.) ; 
95 ;  Irving, David ; DT ; SUS ;  6'7" ; 290 ; 8/18/1993 ; 4 ; Iowa State ; 
89 ;  Jarwin, Blake ; TE ; ACT ;  6'5" ; 260 ; 7/16/1994 ; 2 ; Oklahoma State ; 
31 ;  Jones, Byron ; CB ; ACT ;  6'1" ; 200 ; 9/26/1992 ; 4 ; Connecticut ; 
6 ;  Jones, Chris ; P ; ACT ;  6'0" ; 205 ; 7/21/1989 ; 7 ; Carson-Newman ; 
56 ;  Jones, Datone ; DE ; ACT ;  6'4" ; 285 ; 7/24/1990 ; 6 ; UCLA ; 
91 ;  LaDouceur, L.P. ; LS ; ACT ;  6'5" ; 256 ; 3/13/1981 ; 14 ; California ; 
90 ;  Lawrence, Demarcus ; DE ; ACT ;  6'3" ; 265 ; 4/28/1992 ; 5 ; Boise State ; 
50 ;  Lee, Sean ; LB ; ACT ;  6'2" ; 245 ; 7/22/1986 ; 9 ; Penn State ; 
27 ;  Lewis, Jourdan ; CB ; ACT ;  5'10" ; 195 ; 8/31/1995 ; 2 ; Michigan ; 
73 ;  Looney, Joe ; C ; ACT ;  6'3" ; 315 ; 8/31/1990 ; 6 ; Wake Forest ; 
2 ;  Maher, Brett ; K ; ACT ;  6'0" ; 180 ; 11/21/1989 ; 1 ; Nebraska ; 
53 ;  March-Lillard, Justin ; LB ; ACT ;  5'11" ; 228 ; 7/5/1993 ; 4 ; Akron ; 
60 ;  Martin, Marcus ; OG ; RES ;  6'3" ; 330 ; 11/29/1993 ; 5 ; USC ; 
70 ;  Martin, Zack ; OG ; ACT ;  6'4" ; 315 ; 11/20/1990 ; 5 ; Notre Dame ; 
49 ;  Olawale, Jamize ; RB ; ACT ;  6'1" ; 242 ; 4/17/1989 ; 6 ; North Texas ; 
4 ;  Prescott, Dak ; QB ; ACT ;  6'2" ; 235 ; 7/29/1993 ; 3 ; Mississippi State ; 
61 ;  Redmond, Adam ; C ; ACT ;  6'6" ; 300 ; 5/19/1993 ; 1 ; Harvard ; 
23 ;  Robinson, Tyree ; DB ; ACT ;  6'2" ; 215 ; 4/14/1994 ; 0 ; Oregon ; 
93 ;  Ross, Daniel ; DT ; ACT ;  6'4" ; 300 ; 3/15/1993 ; 2 ; Northeast Mississippi CC ; 
7 ;  Rush, Cooper ; QB ; ACT ;  6'3" ; 225 ; 11/21/1993 ; 2 ; Central Michigan ; 
86 ;  Schultz, Dalton ; TE ; ACT ;  6'5" ; 260 ; 7/11/1996 ; 0 ; Stanford ; 
28 ;  Showers, Jameill ; DB ; RES ;  6'2" ; 222 ; 9/6/1991 ; 1 ; Texas-El Paso ; 
45 ;  Smith, Rod ; RB ; ACT ;  6'3" ; 235 ; 1/10/1992 ; 4 ; Ohio State ; 
54 ;  Smith, Jaylon ; LB ; ACT ;  6'2" ; 245 ; 6/14/1995 ; 2 ; Notre Dame ; 
77 ;  Smith, Tyron ; OT ; ACT ;  6'5" ; 320 ; 12/12/1990 ; 8 ; USC ; 
67 ;  Stanton, Dustin ; OG ; RES ;  6'6" ; 310 ; 2/20/1994 ; 1 ; Oregon State ; 
76 ;  Su'a-Filo, Xavier ; OG ; ACT ;  6'4" ; 310 ; 1/1/1991 ; 5 ; UCLA ; 
87 ;  Swaim, Geoff ; TE ; ACT ;  6'4" ; 260 ; 9/16/1993 ; 4 ; Texas ; 
48 ;  Thomas, Joe ; LB ; ACT ;  6'1" ; 232 ; 5/6/1991 ; 4 ; South Carolina State ; 
15 ;  Thompson, Deonte ; WR ; ACT ;  6'0" ; 209 ; 2/14/1989 ; 6 ; Florida ; 
55 ;  Vander Esch, Leighton ; LB ; ACT ;  6'4" ; 255 ; 2/8/1996 ; 0 ; Boise State ; 
3 ;  White, Mike ; QB ; ACT ;  6'5" ; 220 ; 3/25/1995 ; 0 ; Western Kentucky ; 
83 ;  Williams, Terrance ; WR ; ACT ;  6'2" ; 210 ; 9/18/1989 ; 6 ; Baylor ; 
52 ;  Williams, Connor ; OG ; ACT ;  6'5" ; 310 ; 5/12/1997 ; 0 ; Texas ; 
57 ;  Wilson, Damien ; LB ; ACT ;  6'0" ; 245 ; 5/28/1993 ; 4 ; Minnesota ; 
16 ;  Wilson, Ced ; WR ; RES ;  6'2" ; 197 ; 3/10/1995 ; 0 ; Boise State ; 
25 ;  Woods, Xavier ; DB ; ACT ;  5'11" ; 205 ; 7/26/1995 ; 2 ; Louisiana Tech ; 
99 ; Woods, Antwaun ; NT ; ACT ; 6'1" ; 312 ; 1/3/1993 ; 1 ; USC ; 
