s--
Saints
(9-4-0)
17
3 7 7 0 
Falcons
(8-5-0)
20
3 7 0 10 
s--
Colts
(3-10-0)
7
0 0 0 7 0
Bills
(7-6-0)
13
0 7 0 0 6
s--
Cowboys
(7-6-0)
30
3 7 0 20 
Giants
(2-11-0)
10
0 10 0 0 
s--
Lions
(7-6-0)
24
7 7 7 3 
Buccaneers
(4-9-0)
21
7 0 0 14 
s--
Raiders
(6-7-0)
15
0 0 0 15 
Chiefs
(7-6-0)
26
3 13 10 0 
s--
49ers
(3-10-0)
26
0 13 10 3 
Texans
(4-9-0)
16
3 6 7 0 
s--
Packers
(7-6-0)
27
7 0 0 14 6
Browns
(0-13-0)
21
7 7 7 0 0
s--
Bears
(4-9-0)
33
6 6 7 14 
Bengals
(5-8-0)
7
7 0 0 0 
s--
Vikings
(10-3-0)
24
7 6 0 11 
Panthers
(9-4-0)
31
7 7 10 7 
s--
Redskins
(5-8-0)
13
0 6 0 7 
Chargers
(7-6-0)
30
13 10 7 0 
s--
Jets
(5-8-0)
0
0 0 0 0 
Broncos
(4-9-0)
23
10 3 7 3 
s--
Titans
(8-5-0)
7
0 7 0 0 
Cardinals
(6-7-0)
12
0 0 6 6 
s--
Eagles
(11-2-0)
43
14 10 7 12 
Rams
(9-4-0)
35
7 7 14 7 
s--
Seahawks
(8-5-0)
24
0 0 10 14 
Jaguars
(9-4-0)
30
3 0 21 6 
s--
Ravens
(7-6-0)
38
0 14 17 7 
Steelers
(11-2-0)
39
7 13 0 19 
s--
Patriots
(10-3-0)
20
0 10 0 10 
Dolphins
(6-7-0)
27
6 7 14 0 
e--
e--
e--
e--
Saints New Orleans
Saints New Orleans
Saints New Orleans
Saints New Orleans
Falcons Atlanta
Saints New Orleans
Saints New Orleans
Falcons Atlanta
Falcons Atlanta
Falcons Atlanta
Saints New Orleans
e--
Colts Indianapolis
Bills Buffalo
Colts Indianapolis
Bills Buffalo
Colts Indianapolis
Bills Buffalo
Bills Buffalo
Bills Buffalo
Bills Buffalo
Bills Buffalo
Bills Buffalo
e--
Vikings Minnesota
Vikings Minnesota
Vikings Minnesota
Vikings Minnesota
Vikings Minnesota
Vikings Minnesota
Vikings Minnesota
Vikings Minnesota
Panthers Carolina
Vikings Minnesota
Vikings Minnesota
e--
Bengals Cincinnati
Bengals Cincinnati
Bengals Cincinnati
Bengals Cincinnati
Bengals Cincinnati
Bengals Cincinnati
Bengals Cincinnati
Bengals Cincinnati
Bengals Cincinnati
Bengals Cincinnati
Bengals Cincinnati
e--
Packers Green Bay
Packers Green Bay
Packers Green Bay
Packers Green Bay
Packers Green Bay
Packers Green Bay
Packers Green Bay
Packers Green Bay
Packers Green Bay
Packers Green Bay
Packers Green Bay
e--
Texans Houston
Texans Houston
Texans Houston
Texans Houston
49ers San Francisco
49ers San Francisco
49ers San Francisco
49ers San Francisco
Texans Houston
Texans Houston
Texans Houston
e--
Chiefs Kansas City
Chiefs Kansas City
Chiefs Kansas City
Raiders Oakland
Raiders Oakland
Chiefs Kansas City
Chiefs Kansas City
Chiefs Kansas City
Chiefs Kansas City
Chiefs Kansas City
Chiefs Kansas City
e--
Lions Detroit
Buccaneers Tampa Bay
Lions Detroit
Lions Detroit
Lions Detroit
Lions Detroit
Buccaneers Tampa Bay
Buccaneers Tampa Bay
Lions Detroit
Lions Detroit
Lions Detroit
e--
Cowboys Dallas
Cowboys Dallas
Cowboys Dallas
Cowboys Dallas
Cowboys Dallas
Cowboys Dallas
Cowboys Dallas
Giants New York
Giants New York
Giants New York
Cowboys Dallas
e--
Titans Tennessee
Titans Tennessee
Cardinals Arizona
Cardinals Arizona
Titans Tennessee
Titans Tennessee
Cardinals Arizona
Titans Tennessee
Cardinals Arizona
Titans Tennessee
Titans Tennessee
e--
Jets New York
Jets New York
Broncos Denver
Jets New York
Jets New York
Jets New York
Jets New York
Jets New York
Broncos Denver
Broncos Denver
Jets New York
e--
Chargers Los Angeles
Chargers Los Angeles
Chargers Los Angeles
Chargers Los Angeles
Chargers Los Angeles
Chargers Los Angeles
Chargers Los Angeles
Chargers Los Angeles
Chargers Los Angeles
Chargers Los Angeles
Chargers Los Angeles
e--
Seahawks Seattle
Jaguars Jacksonville
Seahawks Seattle
Jaguars Jacksonville
Seahawks Seattle
Seahawks Seattle
Jaguars Jacksonville
Jaguars Jacksonville
Seahawks Seattle
Jaguars Jacksonville
Seahawks Seattle
e--
Eagles Philadelphia
Rams Los Angeles
Eagles Philadelphia
Eagles Philadelphia
Eagles Philadelphia
Eagles Philadelphia
Rams Los Angeles
Rams Los Angeles
Rams Los Angeles
Rams Los Angeles
Eagles Philadelphia
e--
Steelers Pittsburgh
Steelers Pittsburgh
Steelers Pittsburgh
Steelers Pittsburgh
Steelers Pittsburgh
Steelers Pittsburgh
Steelers Pittsburgh
Steelers Pittsburgh
Steelers Pittsburgh
Steelers Pittsburgh
Steelers Pittsburgh
e--
Patriots New England
Patriots New England
Patriots New England
Patriots New England
Patriots New England
Patriots New England
Patriots New England
Patriots New England
Patriots New England
Patriots New England
Patriots New England
e--
e--
c--
ATL
NO
ATL
NO
NO
ATL
NO
ATL
CIN
CHI
CHI
CIN
CIN
CIN
CIN
CIN
DAL
DAL
DAL
DAL
DAL
DAL
DAL
DAL
GB
GB
CLE
GB
GB
GB
CLE
GB
HOU
SF
SF
SF
SF
HOU
SF
HOU
CAR
MIN
CAR
MIN
MIN
MIN
CAR
MIN
BUF
BUF
BUF
BUF
BUF
BUF
BUF
BUF
TB
DET
DET
DET
TB
DET
TB
DET
OAK
KC
KC
KC
OAK
KC
KC
KC
LAC
WAS
LAC
LAC
LAC
LAC
LAC
LAC
DEN
NYJ
DEN
NYJ
NYJ
NYJ
NYJ
NYJ
ARI
ARI
TEN
TEN
TEN
ARI
ARI
ARI
JAC
SEA
JAC
SEA
JAC
SEA
SEA
JAC
LAR
PHI
LAR
PHI
LAR
LAR
PHI
LAR
PIT
BAL
PIT
PIT
PIT
PIT
PIT
PIT
NE
NE
NE
NE
NE
NE
NE
NE
L--
-2.5ATL
a--
ATL
NO
ATL
NO
NO
ATL
NO
ATL
L--
-6.5CIN
a--
CIN
CHI
CHI
CIN
CIN
CIN
CIN
CIN
L--
+3.5NYG
a--
DAL
DAL
NYG
DAL
DAL
DAL
NYG
NYG
L--
+3CLE
a--
CLE
GB
CLE
GB
CLE
GB
CLE
CLE
L--
-2.5HOU
a--
HOU
SF
SF
SF
SF
HOU
SF
HOU
L--
+2.5CAR
a--
CAR
MIN
CAR
MIN
CAR
MIN
CAR
MIN
L--
-3BUF
a--
BUF
BUF
BUF
BUF
BUF
BUF
BUF
BUF
L--
-0.5TB
a--
TB
DET
DET
DET
TB
DET
TB
DET
L--
-4KC
a--
OAK
KC
KC
KC
OAK
KC
KC
KC
L--
-6LAC
a--
LAC
WAS
LAC
LAC
WAS
LAC
LAC
LAC
L--
+1DEN
a--
DEN
NYJ
DEN
NYJ
NYJ
NYJ
NYJ
NYJ
L--
+3ARI
a--
ARI
ARI
ARI
TEN
ARI
ARI
ARI
ARI
L--
-2.5JAC
a--
JAC
SEA
JAC
SEA
SEA
SEA
SEA
JAC
L--
-2.5LAR
a--
LAR
PHI
LAR
PHI
LAR
LAR
PHI
LAR
L--
-5PIT
a--
BAL
BAL
PIT
PIT
BAL
PIT
PIT
PIT
L--
+11MIA
a--
NE
NE
NE
NE
NE
NE
MIA
MIA
