s--
Colts
(3-10-0)
--
_ _ _ _ 
Ravens
(7-6-0)
--
_ _ _ _ 
s--
Vikings
(10-3-0)
--
_ _ _ _ 
Packers
(7-6-0)
--
_ _ _ _ 
s--
Lions
(7-6-0)
--
_ _ _ _ 
Bengals
(5-8-0)
--
_ _ _ _ 
s--
Dolphins
(6-7-0)
--
_ _ _ _ 
Chiefs
(7-6-0)
--
_ _ _ _ 
s--
Bills
(7-6-0)
--
_ _ _ _ 
Patriots
(10-3-0)
--
_ _ _ _ 
s--
Browns
(0-13-0)
--
_ _ _ _ 
Bears
(4-9-0)
--
_ _ _ _ 
s--
Buccaneers
(4-9-0)
--
_ _ _ _ 
Panthers
(9-4-0)
--
_ _ _ _ 
s--
Falcons
(8-5-0)
--
_ _ _ _ 
Saints
(9-4-0)
--
_ _ _ _ 
s--
Broncos
(4-9-0)
--
_ _ _ _ 
Redskins
(5-8-0)
--
_ _ _ _ 
s--
Rams
(9-4-0)
--
_ _ _ _ 
Titans
(8-5-0)
--
_ _ _ _ 
s--
Chargers
(7-6-0)
--
_ _ _ _ 
Jets
(5-8-0)
--
_ _ _ _ 
s--
Jaguars
(9-4-0)
--
_ _ _ _ 
49ers
(3-10-0)
--
_ _ _ _ 
s--
Seahawks
(8-5-0)
--
_ _ _ _ 
Cowboys
(7-6-0)
--
_ _ _ _ 
s--
Giants
(2-11-0)
--
_ _ _ _ 
Cardinals
(6-7-0)
--
_ _ _ _ 
s--
Steelers
(11-2-0)
--
_ _ _ _ 
Texans
(4-9-0)
--
_ _ _ _ 
s--
Raiders
(6-7-0)
--
_ _ _ _ 
Eagles
(11-2-0)
--
_ _ _ _ 
