95 ;  Brown, Fadol ; DE ; ACT ;  6'4" ; 282 ; 4/15/1993 ; 1 ; Mississippi ; 
12 ;  Bryant, Martavis ; WR ; ACT ;  6'4" ; 210 ; 12/20/1991 ; 4 ; Clemson ; 
4 ;  Carr, Derek ; QB ; ACT ;  6'3" ; 215 ; 3/28/1991 ; 5 ; Fresno State ; 
96 ;  Carradine, Tank ; DE ; ACT ;  6'4" ; 270 ; 2/18/1990 ; 6 ; Florida State ; 
85 ;  Carrier, Derek ; TE ; ACT ;  6'4" ; 244 ; 7/25/1990 ; 6 ; Beloit ; 
74 ;  Clemmings, T.J. ; OT ; ACT ;  6'5" ; 309 ; 11/18/1991 ; 4 ; Pittsburgh ; 
21 ;  Conley, Gareon ; CB ; ACT ;  6'0" ; 195 ; 6/29/1995 ; 2 ; Ohio State ; 
87 ;  Cook, Jared ; TE ; ACT ;  6'5" ; 254 ; 4/7/1987 ; 10 ; South Carolina ; 
89 ;  Cooper, Amari ; WR ; ACT ;  6'1" ; 210 ; 6/17/1994 ; 4 ; Alabama ; 
48 ;  DePaola, Andrew ; LS ; RES ;  6'2" ; 230 ; 7/28/1987 ; 5 ; Rutgers ; 
78 ;  Ellis, Justin ; DT ; RES ;  6'2" ; 335 ; 12/27/1990 ; 5 ; Louisiana Tech ; 
76 ;  Feliciano, Jon ; OG ; ACT ;  6'4" ; 325 ; 2/10/1992 ; 4 ; Miami (Fla.) ; 
31 ;  Gilchrist, Marcus ; DB ; ACT ;  5'10" ; 200 ; 12/8/1988 ; 8 ; Clemson ; 
29 ;  Hall, Leon ; DB ; ACT ;  5'11" ; 195 ; 12/9/1984 ; 12 ; Michigan ; 
92 ;  Hall, P.J. ; NT ; ACT ;  6'1" ; 308 ; 4/5/1995 ; 0 ; Sam Houston State ; 
95 ;  Hankins, Johnathan ; DT ; ACT ;  6'2" ; 325 ; 3/30/1992 ; 6 ; Ohio State ; 
17 ;  Harris, Dwayne ; WR ; ACT ;  5'11" ; 206 ; 9/16/1987 ; 8 ; East Carolina ; 
25 ;  Harris, Erik ; DB ; ACT ;  6'3" ; 225 ; 4/2/1990 ; 3 ; California (PA) ; 
61 ;  Hudson, Rodney ; C ; ACT ;  6'2" ; 300 ; 7/12/1989 ; 8 ; Florida State ; 
73 ;  Hurst, Maurice ; DT ; ACT ;  6'1" ; 291 ; 5/9/1995 ; 0 ; Michigan ; 
51 ;  Irvin, Bruce ; DE ; ACT ;  6'3" ; 250 ; 11/1/1987 ; 7 ; West Virginia ; 
66 ;  Jackson, Gabe ; OG ; ACT ;  6'3" ; 335 ; 7/12/1991 ; 5 ; Mississippi State ; 
56 ;  Johnson, Derrick ; LB ; ACT ;  6'3" ; 245 ; 11/22/1982 ; 14 ; Texas ; 
42 ;  Joseph, Karl ; DB ; ACT ;  5'10" ; 205 ; 9/8/1993 ; 3 ; West Virginia ; 
99 ;  Key, Arden ; DE ; ACT ;  6'5" ; 238 ; 5/3/1996 ; 0 ; LSU ; 
19 ;  LaFell, Brandon ; WR ; ACT ;  6'3" ; 210 ; 11/4/1986 ; 9 ; LSU ; 
54 ;  Lamur, Emmanuel ; LB ; ACT ;  6'4" ; 245 ; 6/8/1989 ; 7 ; Kansas State ; 
55 ;  Lee, Marquel ; LB ; ACT ;  6'3" ; 235 ; 10/21/1995 ; 2 ; Wake Forest ; 
24 ;  Lynch, Marshawn ; RB ; ACT ;  5'11" ; 215 ; 4/22/1986 ; 11 ; California ; 
28 ;  Martin, Doug ; RB ; ACT ;  5'9" ; 223 ; 1/13/1989 ; 7 ; Boise State ; 
15 ;  McCarron, AJ ; QB ; ACT ;  6'3" ; 215 ; 9/13/1990 ; 4 ; Alabama ; 
23 ;  McDonald, Dexter ; CB ; RES ;  6'1" ; 200 ; 11/30/1991 ; 4 ; Kansas ; 
98 ;  McDonald, Clinton ; DT ; ACT ;  6'2" ; 297 ; 1/6/1987 ; 9 ; Memphis ; 
20 ;  Melifonwu, Obi ; DB ; RES ;  6'4" ; 224 ; 4/5/1994 ; 2 ; Connecticut ; 
22 ;  Melvin, Rashaan ; DB ; ACT ;  6'2" ; 196 ; 10/2/1989 ; 6 ; Northern Illinois ; 
77 ;  Miller, Kolton ; OT ; ACT ;  6'8" ; 309 ; 10/9/1995 ; 0 ; UCLA ; 
37 ;  Mitchel, Tevin ; CB ; RES ;  6'0" ; 195 ; 8/3/1992 ; 2 ; Arkansas ; 
50 ;  Morrow, Nicholas ; LB ; ACT ;  6'0" ; 224 ; 7/10/1995 ; 2 ; Greenville College ; 
71 ;  Murray, Justin ; OT ; ACT ;  6'5" ; 304 ; 4/19/1993 ; 1 ; Cincinnati ; 
82 ;  Nelson, Jordy ; WR ; ACT ;  6'3" ; 217 ; 5/31/1985 ; 11 ; Kansas State ; 
27 ;  Nelson, Reggie ; DB ; ACT ;  5'11" ; 210 ; 9/21/1983 ; 12 ; Florida ; 
38 ;  Nelson, Nick ; CB ; ACT ;  5'11" ; 200 ; 10/16/1996 ; 0 ; Wisconsin ; 
6 ;  Nugent, Mike ; K ; ACT ;  5'10" ; 190 ; 3/2/1982 ; 14 ; Ohio State ; 
70 ;  Osemele, Kelechi ; OT ; ACT ;  6'5" ; 330 ; 6/24/1989 ; 7 ; Iowa State ; 
75 ;  Parker, Brandon ; OT ; ACT ;  6'8" ; 305 ; 10/21/1995 ; 0 ; North Carolina A&T ; 
72 ;  Penn, Donald ; OT ; ACT ;  6'4" ; 315 ; 4/27/1983 ; 13 ; Utah State ; 
9 ;  Pineiro, Eddy ; K ; RES ;  6'0" ; 185 ; 9/13/1995 ; 0 ; Florida ; 
93 ;  Price, Brian ; DT ; ACT ;  6'3" ; 318 ; 6/24/1994 ; 2 ; Texas-San Antonio ; 
30 ;  Richard, Jalen ; RB ; ACT ;  5'8" ; 205 ; 10/15/1993 ; 3 ; Southern Mississippi ; 
10 ;  Roberts, Seth ; WR ; ACT ;  6'2" ; 195 ; 2/22/1991 ; 4 ; West Alabama ; 
45 ;  Rodgers-Cromartie, Dominique ; DB ; ACT ;  6'2" ; 203 ; 4/7/1986 ; 11 ; Tennessee State ; 
93 ;  Rubin, Ahtyba ; NT ; RES ;  6'2" ; 315 ; 7/25/1986 ; 11 ; Iowa State ; 
98 ;  Rucker, Frostee ; DT ; ACT ;  6'3" ; 261 ; 9/14/1983 ; 13 ; USC ; 
47 ;  Sieg, Trent ; LS ; ACT ;  6'3" ; 240 ; 5/19/1995 ; 0 ; Colorado State ; 
41 ;  Smith, Keith ; RB ; ACT ;  6'0" ; 240 ; 4/8/1992 ; 4 ; San Jose State ; 
86 ;  Smith, Lee ; TE ; ACT ;  6'6" ; 265 ; 11/21/1987 ; 8 ; Marshall ; 
5 ;  Townsend, Johnny ; P ; ACT ;  6'1" ; 210 ; 2/14/1995 ; 0 ; Florida ; 
94 ;  Vanderdoes, Eddie ; DT ; PUP ;  6'3" ; 305 ; 10/13/1994 ; 2 ; UCLA ; 
34 ;  Warren, Chris ; RB ; RES ;  6'2" ; 246 ; 6/6/1996 ; 0 ; Texas ; 
33 ;  Washington, DeAndre ; RB ; ACT ;  5'8" ; 205 ; 2/22/1993 ; 3 ; Texas Tech ; 
59 ;  Whitehead, Tahir ; LB ; ACT ;  6'2" ; 241 ; 4/2/1990 ; 7 ; Temple ; 
58 ;  Wilber, Kyle ; LB ; ACT ;  6'4" ; 245 ; 4/26/1989 ; 7 ; Wake Forest ; 
36 ; Worley, Daryl ; CB ; SUS ; 6'1" ; 205 ; 2/22/1995 ; 3 ; West Virginia ; 
